{
  "RSpec": {
    "coverage": {
      "/Users/alexmccarroll/MakersWork/week-10/bank-tech-test/spec/bank_spec.rb": [
        1,
        null,
        1,
        null,
        1,
        2,
        null,
        null,
        1,
        null,
        1,
        1,
        1,
        null,
        null,
        1,
        1,
        1,
        1,
        null,
        null,
        null,
        null,
        null
      ],
      "/Users/alexmccarroll/MakersWork/week-10/bank-tech-test/lib/bank.rb": [
        1,
        null,
        1,
        null,
        1,
        null,
        1,
        2,
        2,
        2,
        2,
        null,
        null,
        1,
        1,
        1,
        1,
        null,
        null,
        1,
        2,
        2,
        null,
        null,
        1,
        null,
        1,
        3,
        3,
        3,
        2,
        2,
        null,
        1,
        1,
        null,
        3,
        3,
        null,
        null
      ],
      "/Users/alexmccarroll/MakersWork/week-10/bank-tech-test/lib/history.rb": [
        1,
        null,
        1,
        null,
        1,
        3,
        null,
        null,
        1,
        0,
        null,
        null,
        null
      ],
      "/Users/alexmccarroll/MakersWork/week-10/bank-tech-test/spec/history_spec.rb": [
        1,
        null,
        1,
        null,
        1,
        null,
        2,
        null,
        null,
        null,
        null,
        1,
        null,
        1,
        1,
        null,
        null,
        null,
        null
      ],
      "/Users/alexmccarroll/MakersWork/week-10/bank-tech-test/spec/print_spec.rb": [
        1,
        null,
        1,
        3,
        null,
        2,
        null,
        null,
        null,
        null,
        1,
        null,
        1,
        2,
        null,
        1,
        2,
        null,
        null,
        null
      ],
      "/Users/alexmccarroll/MakersWork/week-10/bank-tech-test/lib/print.rb": [
        1,
        null,
        1,
        null,
        1,
        1,
        null,
        null,
        1,
        1,
        1,
        null,
        null,
        null,
        null
      ]
    },
    "timestamp": 1524759776
  }
}
